[2019-10-29 01:43:00.595] [renderer1] [error] Cannot read property 'style' of null: TypeError: Cannot read property 'style' of null
    at h.layout (file:///usr/share/code/resources/app/out/vs/workbench/workbench.desktop.main.js:425:652)
    at $._onViewZoneHeight (file:///usr/share/code/resources/app/out/vs/workbench/workbench.desktop.main.js:1449:731)
    at u._viewZone.e [as _onComputedHeight] (file:///usr/share/code/resources/app/out/vs/workbench/workbench.desktop.main.js:1451:442)
    at u.onComputedHeight (file:///usr/share/code/resources/app/out/vs/workbench/workbench.desktop.main.js:1446:256)
    at r._safeCallOnComputedHeight (file:///usr/share/code/resources/app/out/vs/workbench/workbench.desktop.main.js:764:711)
    at r._recomputeWhitespacesProps (file:///usr/share/code/resources/app/out/vs/workbench/workbench.desktop.main.js:760:769)
    at r.onLineMappingChanged (file:///usr/share/code/resources/app/out/vs/workbench/workbench.desktop.main.js:761:248)
    at r.handleEvents (file:///usr/share/code/resources/app/out/vs/workbench/workbench.desktop.main.js:733:633)
    at i._doConsumeQueue (file:///usr/share/code/resources/app/out/vs/workbench/workbench.desktop.main.js:693:715)
    at _eventHandlerGateKeeper (file:///usr/share/code/resources/app/out/vs/workbench/workbench.desktop.main.js:693:502)
    at W (file:///usr/share/code/resources/app/out/vs/workbench/workbench.desktop.main.js:2042:318)
    at z._renderOnce (file:///usr/share/code/resources/app/out/vs/workbench/workbench.desktop.main.js:2049:59)
    at i.eventDispatcher.O.ViewEventDispatcher.e [as _eventHandlerGateKeeper] (file:///usr/share/code/resources/app/out/vs/workbench/workbench.desktop.main.js:2042:709)
    at i.consumeQueue (file:///usr/share/code/resources/app/out/vs/workbench/workbench.desktop.main.js:693:438)
    at i.emitMany (file:///usr/share/code/resources/app/out/vs/workbench/workbench.desktop.main.js:693:403)
    at _register.s.addEventListener.e (file:///usr/share/code/resources/app/out/vs/workbench/workbench.desktop.main.js:2046:654)
    at file:///usr/share/code/resources/app/out/vs/workbench/workbench.desktop.main.js:697:498
    at v._emit (file:///usr/share/code/resources/app/out/vs/workbench/workbench.desktop.main.js:697:536)
    at v._endEmit (file:///usr/share/code/resources/app/out/vs/workbench/workbench.desktop.main.js:697:396)
    at v.setHiddenAreas (file:///usr/share/code/resources/app/out/vs/workbench/workbench.desktop.main.js:1424:523)
    at e.setHiddenAreas (file:///usr/share/code/resources/app/out/vs/workbench/workbench.desktop.main.js:2061:141)
    at E.onHiddenRangesChanges (file:///usr/share/code/resources/app/out/vs/workbench/workbench.desktop.main.js:1775:942)
    at _isEnabled.e.isTooLargeForTokenization.localToDispose.add.hiddenRangeModel.onDidChange.e (file:///usr/share/code/resources/app/out/vs/workbench/workbench.desktop.main.js:1773:178)
    at d.fire (file:///usr/share/code/resources/app/out/vs/workbench/workbench.desktop.main.js:107:468)
    at r.applyHiddenRanges (file:///usr/share/code/resources/app/out/vs/workbench/workbench.desktop.main.js:807:26)
    at r.updateHiddenRanges (file:///usr/share/code/resources/app/out/vs/workbench/workbench.desktop.main.js:806:598)
    at _foldingModelListener.e.onDidChange.e (file:///usr/share/code/resources/app/out/vs/workbench/workbench.desktop.main.js:805:957)
    at d.fire (file:///usr/share/code/resources/app/out/vs/workbench/workbench.desktop.main.js:107:468)
    at s.toggleCollapseState (file:///usr/share/code/resources/app/out/vs/workbench/workbench.desktop.main.js:802:107)
    at t.then.t (file:///usr/share/code/resources/app/out/vs/workbench/workbench.desktop.main.js:1777:694)
